Jun 18, 2015 1:13:47 PM com.ibm.iotf.client.AbstractClient <init>
FINE: {auth-token=@2)qm5RoDK)BDQA3Sy, type=LocalMQTTFx, auth-method=token, id=jeetlocmqttfx, org=gtwunk}
Jun 18, 2015 1:13:47 PM com.ibm.iotf.client.device.DeviceClient <init>
FINE: {auth-token=@2)qm5RoDK)BDQA3Sy, type=LocalMQTTFx, auth-method=token, id=jeetlocmqttfx, org=gtwunk}
Org ID          = gtwunk
Client ID       = d:gtwunk:LocalMQTTFx:jeetlocmqttfx
Client Username = use-token-auth
Client Password = @2)qm5RoDK)BDQA3Sy
(Press <enter> to disconnect)
Jun 18, 2015 1:14:09 PM com.ibm.iotf.client.AbstractClient connect
FINE: Connecting to ssl://gtwunk.messaging.internetofthings.ibmcloud.com:8883 (attempt #1)...
Jun 18, 2015 1:14:09 PM com.ibm.iotf.client.AbstractClient connect
FINE:  * Username: use-token-auth
Jun 18, 2015 1:14:09 PM com.ibm.iotf.client.AbstractClient connect
FINE:  * Passowrd: @2)qm5RoDK)BDQA3Sy
Jun 18, 2015 1:14:25 PM com.ibm.iotf.client.AbstractClient connect
INFO: Successfully connected to the IBM Internet of Things Foundation
Jun 18, 2015 1:14:25 PM com.ibm.iotf.client.AbstractClient connect
FINEST:  * Connection attempts: 1
Jun 18, 2015 1:14:25 PM com.ibm.iotf.client.device.DeviceClient subscribeToCommands
INFO: Subscribed to iot-2/cmd/+/fmt/json
Jun 18, 2015 1:14:26 PM com.ibm.iotf.client.device.DeviceClient publishEvent
FINE: Topic   = iot-2/evt/status/fmt/json
Jun 18, 2015 1:14:26 PM com.ibm.iotf.client.device.DeviceClient publishEvent
FINE: Payload = {"d":{"CAR_ID":"12300","SITE_ID":"BEDFORD","FLOOR_NUMBER":8,"CASE_ID":2,"BREAKDOWN_IND":"0","FLOOR_ALIGNMENT_VARIANCE":0.254866656,"VIBRATION_LATERAL":13,"VIBRATION_VERTICAL":19,"SOUND_PRESSURE_LEVEL":55,"OIL_LEAKAGE":0,"SAFETY_GEAR_FUNCTIONING":0,"TEMPERATURE_IN_CONTROL_ROOM":23,"RUN_DATE_TIME":"06/18/2015 01:14:26 PM"}}
Jun 18, 2015 1:14:26 PM com.ibm.iotf.client.device.DeviceClient deliveryComplete
FINE: Delivery Complete!
Jun 18, 2015 1:14:56 PM com.ibm.iotf.client.device.DeviceClient publishEvent
FINE: Topic   = iot-2/evt/status/fmt/json
Jun 18, 2015 1:14:56 PM com.ibm.iotf.client.device.DeviceClient publishEvent
FINE: Payload = {"d":{"CAR_ID":"12300","SITE_ID":"BEDFORD","FLOOR_NUMBER":6,"CASE_ID":4,"BREAKDOWN_IND":"0","FLOOR_ALIGNMENT_VARIANCE":0.318868254,"VIBRATION_LATERAL":13,"VIBRATION_VERTICAL":19,"SOUND_PRESSURE_LEVEL":54,"OIL_LEAKAGE":0,"SAFETY_GEAR_FUNCTIONING":1,"TEMPERATURE_IN_CONTROL_ROOM":22,"RUN_DATE_TIME":"06/18/2015 01:14:56 PM"}}
Jun 18, 2015 1:14:56 PM com.ibm.iotf.client.device.DeviceClient deliveryComplete
FINE: Delivery Complete!
Closing connection to the IBM Internet of Things Cloud service
Jun 18, 2015 1:15:26 PM com.ibm.iotf.client.AbstractClient disconnect
FINE: Disconnecting from the IBM Internet of Things Foundation ...
Jun 18, 2015 1:15:26 PM com.ibm.iotf.client.AbstractClient disconnect
INFO: Successfully disconnected from from the IBM Internet of Things Foundation
